0 info it worked if it ends with ok
1 verbose cli [ '/root/.nvm/versions/node/v6.17.1/bin/node',
1 verbose cli   '/root/.nvm/versions/node/v6.17.1/bin/npm',
1 verbose cli   'start',
1 verbose cli   '--prefix',
1 verbose cli   '/root/gzweb' ]
2 info using npm@3.10.10
3 info using node@v6.17.1
4 verbose run-script [ 'prestart', 'start', 'poststart' ]
5 info lifecycle gzweb@1.4.0~prestart: gzweb@1.4.0
6 silly lifecycle gzweb@1.4.0~prestart: no script for prestart, continuing
7 info lifecycle gzweb@1.4.0~start: gzweb@1.4.0
8 verbose lifecycle gzweb@1.4.0~start: unsafe-perm in lifecycle true
9 verbose lifecycle gzweb@1.4.0~start: PATH: /root/.nvm/versions/node/v6.17.1/lib/node_modules/npm/bin/node-gyp-bin:/root/gzweb/node_modules/.bin:/opt/ros/melodic/bin:/root/.nvm/versions/node/v6.17.1/bin:/usr/local/sbin:/usr/local/bin:/usr/sbin:/usr/bin:/sbin:/bin:/usr/games:/usr/local/games:/snap/bin
10 verbose lifecycle gzweb@1.4.0~start: CWD: /root/gzweb
11 silly lifecycle gzweb@1.4.0~start: Args: [ '-c',
11 silly lifecycle   'if [ $npm_config_port ]; then port=$npm_config_port; fi; cd gzbridge && ./server.js $port' ]
12 silly lifecycle gzweb@1.4.0~start: Returned: code: 139  signal: null
13 info lifecycle gzweb@1.4.0~start: Failed to exec start script
14 verbose stack Error: gzweb@1.4.0 start: `if [ $npm_config_port ]; then port=$npm_config_port; fi; cd gzbridge && ./server.js $port`
14 verbose stack Exit status 139
14 verbose stack     at EventEmitter.<anonymous> (/root/.nvm/versions/node/v6.17.1/lib/node_modules/npm/lib/utils/lifecycle.js:255:16)
14 verbose stack     at emitTwo (events.js:106:13)
14 verbose stack     at EventEmitter.emit (events.js:191:7)
14 verbose stack     at ChildProcess.<anonymous> (/root/.nvm/versions/node/v6.17.1/lib/node_modules/npm/lib/utils/spawn.js:40:14)
14 verbose stack     at emitTwo (events.js:106:13)
14 verbose stack     at ChildProcess.emit (events.js:191:7)
14 verbose stack     at maybeClose (internal/child_process.js:920:16)
14 verbose stack     at Process.ChildProcess._handle.onexit (internal/child_process.js:230:5)
15 verbose pkgid gzweb@1.4.0
16 verbose cwd /root/runner
17 error Linux 4.15.0-72-generic
18 error argv "/root/.nvm/versions/node/v6.17.1/bin/node" "/root/.nvm/versions/node/v6.17.1/bin/npm" "start" "--prefix" "/root/gzweb"
19 error node v6.17.1
20 error npm  v3.10.10
21 error code ELIFECYCLE
22 error gzweb@1.4.0 start: `if [ $npm_config_port ]; then port=$npm_config_port; fi; cd gzbridge && ./server.js $port`
22 error Exit status 139
23 error Failed at the gzweb@1.4.0 start script 'if [ $npm_config_port ]; then port=$npm_config_port; fi; cd gzbridge && ./server.js $port'.
23 error Make sure you have the latest version of node.js and npm installed.
23 error If you do, this is most likely a problem with the gzweb package,
23 error not with npm itself.
23 error Tell the author that this fails on your system:
23 error     if [ $npm_config_port ]; then port=$npm_config_port; fi; cd gzbridge && ./server.js $port
23 error You can get information on how to open an issue for this project with:
23 error     npm bugs gzweb
23 error Or if that isn't available, you can get their info via:
23 error     npm owner ls gzweb
23 error There is likely additional logging output above.
24 verbose exit [ 1, true ]
